app/build/intermediates/manifest_merge_blame_file/debug/manifest-merger-blame-debug-report.txt
1<?xml version="1.0" encoding="utf-8"?>
2<manifest xmlns:android="http://schemas.android.com/apk/res/android"
3    package="com.example.lesson_15"
4    android:versionCode="1"
5    android:versionName="1.0" >
6
7    <uses-sdk
8        android:minSdkVersion="25"
8-->src/main/AndroidManifest.xml
9        android:targetSdkVersion="29" />
9-->src/main/AndroidManifest.xml
10
11    <uses-permission android:name="android.permission.CAMERA" />
11-->src/main/AndroidManifest.xml:4:5-64
11-->src/main/AndroidManifest.xml:4:22-62
12
13    <uses-feature
13-->src/main/AndroidManifest.xml:6:5-84
14        android:name="android.hardware.camera"
14-->src/main/AndroidManifest.xml:6:19-57
15        android:required="false" />
15-->src/main/AndroidManifest.xml:6:58-82
16    <uses-feature
16-->src/main/AndroidManifest.xml:7:5-94
17        android:name="android.hardware.camera.autofocus"
17-->src/main/AndroidManifest.xml:7:19-67
18        android:required="false" />
18-->src/main/AndroidManifest.xml:7:68-92
19    <uses-feature
19-->src/main/AndroidManifest.xml:8:5-90
20        android:name="android.hardware.camera.front"
20-->src/main/AndroidManifest.xml:8:19-63
21        android:required="false" />
21-->src/main/AndroidManifest.xml:8:64-88
22    <uses-feature
22-->src/main/AndroidManifest.xml:9:5-100
23        android:name="android.hardware.camera.front.autofocus"
23-->src/main/AndroidManifest.xml:9:19-73
24        android:required="false" />
24-->src/main/AndroidManifest.xml:9:74-98
25
26    <application
26-->src/main/AndroidManifest.xml:11:5-25:19
27        android:allowBackup="true"
27-->src/main/AndroidManifest.xml:12:9-35
28        android:appComponentFactory="androidx.core.app.CoreComponentFactory"
28-->[androidx.core:core:1.1.0] AndroidManifest.xml:24:18-86
29        android:debuggable="true"
30        android:extractNativeLibs="false"
31        android:icon="@mipmap/ic_launcher"
31-->src/main/AndroidManifest.xml:13:9-43
32        android:label="@string/app_name"
32-->src/main/AndroidManifest.xml:14:9-41
33        android:roundIcon="@mipmap/ic_launcher_round"
33-->src/main/AndroidManifest.xml:15:9-54
34        android:supportsRtl="true"
34-->src/main/AndroidManifest.xml:16:9-35
35        android:testOnly="true"
36        android:theme="@style/AppTheme" >
36-->src/main/AndroidManifest.xml:17:9-40
37        <activity android:name="com.example.lesson_15.MainActivity" >
37-->src/main/AndroidManifest.xml:18:9-24:20
37-->src/main/AndroidManifest.xml:18:19-47
38            <intent-filter>
38-->src/main/AndroidManifest.xml:19:13-23:29
39                <action android:name="android.intent.action.MAIN" />
39-->src/main/AndroidManifest.xml:20:17-69
39-->src/main/AndroidManifest.xml:20:25-66
40
41                <category android:name="android.intent.category.LAUNCHER" />
41-->src/main/AndroidManifest.xml:22:17-77
41-->src/main/AndroidManifest.xml:22:27-74
42            </intent-filter>
43        </activity>
44    </application>
45
46</manifest>